#! /opt/homebrew/Cellar/icarus-verilog/13.0/bin/vvp
:ivl_version "13.0 (stable)" "(v13_0)";
:ivl_delay_selection "TYPICAL";
:vpi_time_precision + 0;
:vpi_module "/opt/homebrew/Cellar/icarus-verilog/13.0/lib/ivl/system.vpi";
:vpi_module "/opt/homebrew/Cellar/icarus-verilog/13.0/lib/ivl/vhdl_sys.vpi";
:vpi_module "/opt/homebrew/Cellar/icarus-verilog/13.0/lib/ivl/vhdl_textio.vpi";
:vpi_module "/opt/homebrew/Cellar/icarus-verilog/13.0/lib/ivl/v2005_math.vpi";
:vpi_module "/opt/homebrew/Cellar/icarus-verilog/13.0/lib/ivl/va_math.vpi";
S_0x1035f5de0 .scope module, "tb_top" "tb_top" 2 1;
 .timescale 0 0;
v0xac8c5c320_0 .var "clk", 0 0;
v0xac8c5c3c0_0 .var "reset", 0 0;
S_0x1035f5f60 .scope module, "uut" "top" 2 6, 3 1 0, S_0x1035f5de0;
 .timescale 0 0;
    .port_info 0 /INPUT 1 "clk";
    .port_info 1 /INPUT 1 "reset";
L_0x1035ec2e0 .functor AND 1, L_0xac8c5d220, L_0xac8c5d400, C4<1>, C4<1>;
L_0xac9454010 .functor BUFT 1, C4<00000000000000000000000000000100>, C4<0>, C4<0>, C4<0>;
v0xac8c570c0_0 .net/2u *"_ivl_0", 31 0, L_0xac9454010;  1 drivers
L_0xac9454058 .functor BUFT 1, C4<0>, C4<0>, C4<0>, C4<0>;
v0xac8c57160_0 .net *"_ivl_10", 0 0, L_0xac9454058;  1 drivers
v0xac8c57200_0 .net *"_ivl_12", 31 0, L_0xac8c2f3e0;  1 drivers
v0xac8c572a0_0 .net *"_ivl_5", 0 0, L_0x1035ec2e0;  1 drivers
v0xac8c57340_0 .net *"_ivl_6", 31 0, L_0x1035fc0e0;  1 drivers
v0xac8c573e0_0 .net *"_ivl_8", 30 0, L_0xac8c2f340;  1 drivers
v0xac8c57480_0 .net "alu_b", 31 0, L_0xac9090320;  1 drivers
v0xac8c57520_0 .net "alu_ctrl", 3 0, L_0xac9090780;  1 drivers
v0xac8c575c0_0 .net "alu_result", 31 0, v0xac8c11f40_0;  1 drivers
v0xac8c57660_0 .net "alu_src", 0 0, L_0x1035f47b0;  1 drivers
v0xac8c57700_0 .net "branch", 0 0, L_0xac8c5d220;  1 drivers
v0xac8c577a0_0 .net "clk", 0 0, v0xac8c5c320_0;  1 drivers
v0xac8c57840_0 .net "imm", 31 0, L_0x1035f5590;  1 drivers
v0xac8c578e0_0 .net "instr", 31 0, L_0x1035fec70;  1 drivers
v0xac8c57980_0 .net "mem_rd_data", 31 0, L_0xac8c60000;  1 drivers
v0xac8c57a20_0 .net "mem_to_reg", 0 0, L_0xac8c5d180;  1 drivers
v0xac8c57ac0_0 .net "mem_write", 0 0, L_0xac8c5d0e0;  1 drivers
v0xac8c57b60_0 .net "pc", 31 0, v0xac8c561c0_0;  1 drivers
v0xac8c57c00_0 .net "pc_next", 31 0, L_0xac90901e0;  1 drivers
v0xac8c57ca0_0 .net "pc_plus4", 31 0, L_0xac8c2f2a0;  1 drivers
v0xac8c57d40_0 .net "rd", 4 0, L_0xac8c2f520;  1 drivers
v0xac8c57de0_0 .net "rd_data1", 31 0, L_0xac9090820;  1 drivers
v0xac8c57e80_0 .net "rd_data2", 31 0, L_0xac90908c0;  1 drivers
v0xac8c57f20_0 .net "reg_write", 0 0, L_0x1035f4670;  1 drivers
v0xac8c5c000_0 .net "reset", 0 0, v0xac8c5c3c0_0;  1 drivers
v0xac8c5c0a0_0 .net "rs1", 4 0, L_0xac8c2f5c0;  1 drivers
v0xac8c5c140_0 .net "rs2", 4 0, L_0xac8c2f660;  1 drivers
v0xac8c5c1e0_0 .net "wr_data", 31 0, L_0xac9090280;  1 drivers
v0xac8c5c280_0 .net "zero", 0 0, L_0xac8c5d400;  1 drivers
L_0xac8c2f2a0 .arith/sum 32, v0xac8c561c0_0, L_0xac9454010;
L_0xac8c2f340 .part L_0x1035f5590, 0, 31;
L_0x1035fc0e0 .concat [ 1 31 0 0], L_0xac9454058, L_0xac8c2f340;
L_0xac8c2f3e0 .arith/sum 32, v0xac8c561c0_0, L_0x1035fc0e0;
L_0xac90901e0 .functor MUXZ 32, L_0xac8c2f2a0, L_0xac8c2f3e0, L_0x1035ec2e0, C4<>;
L_0xac9090280 .functor MUXZ 32, v0xac8c11f40_0, L_0xac8c60000, L_0xac8c5d180, C4<>;
L_0xac9090320 .functor MUXZ 32, L_0xac90908c0, L_0x1035f5590, L_0x1035f47b0, C4<>;
S_0x1035f6bb0 .scope module, "alu_inst" "alu" 3 76, 4 1 0, S_0x1035f5f60;
 .timescale 0 0;
    .port_info 0 /INPUT 32 "a";
    .port_info 1 /INPUT 32 "b";
    .port_info 2 /INPUT 4 "alu_ctrl";
    .port_info 3 /OUTPUT 32 "result";
    .port_info 4 /OUTPUT 1 "zero";
L_0xac9454b98 .functor BUFT 1, C4<00000000000000000000000000000000>, C4<0>, C4<0>, C4<0>;
v0xac8c11cc0_0 .net/2u *"_ivl_0", 31 0, L_0xac9454b98;  1 drivers
v0xac8c11d60_0 .net "a", 31 0, L_0xac9090820;  alias, 1 drivers
v0xac8c11e00_0 .net "alu_ctrl", 3 0, L_0xac9090780;  alias, 1 drivers
v0xac8c11ea0_0 .net "b", 31 0, L_0xac9090320;  alias, 1 drivers
v0xac8c11f40_0 .var "result", 31 0;
v0xac8c11fe0_0 .net "zero", 0 0, L_0xac8c5d400;  alias, 1 drivers
E_0xac9004b80 .event anyedge, v0xac8c11e00_0, v0xac8c11d60_0, v0xac8c11ea0_0;
L_0xac8c5d400 .cmp/eq 32, v0xac8c11f40_0, L_0xac9454b98;
S_0x1035f6d30 .scope module, "dec_inst" "decoder" 3 57, 5 1 0, S_0x1035f5f60;
 .timescale 0 0;
    .port_info 0 /INPUT 32 "instr";
    .port_info 1 /OUTPUT 5 "rd";
    .port_info 2 /OUTPUT 5 "rs1";
    .port_info 3 /OUTPUT 5 "rs2";
    .port_info 4 /OUTPUT 32 "imm";
    .port_info 5 /OUTPUT 4 "alu_ctrl";
    .port_info 6 /OUTPUT 1 "reg_write";
    .port_info 7 /OUTPUT 1 "alu_src";
    .port_info 8 /OUTPUT 1 "mem_write";
    .port_info 9 /OUTPUT 1 "mem_to_reg";
    .port_info 10 /OUTPUT 1 "branch";
L_0x1035fa9a0 .functor AND 1, L_0xac8c5c460, L_0xac8c5c500, C4<1>, C4<1>;
L_0x1035fc180 .functor AND 1, L_0x1035fa9a0, L_0xac8c5c5a0, C4<1>, C4<1>;
L_0x1035f56d0 .functor AND 1, L_0xac8c5c640, L_0xac8c5c6e0, C4<1>, C4<1>;
L_0x1035f5880 .functor AND 1, L_0x1035f56d0, L_0xac8c5c780, C4<1>, C4<1>;
L_0x1035f08f0 .functor AND 1, L_0xac8c5c820, L_0xac8c5c8c0, C4<1>, C4<1>;
L_0x1035f57e0 .functor AND 1, L_0xac8c5c960, L_0xac8c5ca00, C4<1>, C4<1>;
L_0x1035f0b20 .functor AND 1, L_0xac8c5caa0, L_0xac8c5cb40, C4<1>, C4<1>;
L_0x1035f0a60 .functor AND 1, L_0xac8c5cbe0, L_0xac8c5cc80, C4<1>, C4<1>;
L_0x1035f0b90 .functor OR 1, L_0xac8c5cd20, L_0xac8c5cdc0, C4<0>, C4<0>;
L_0x1035f4670 .functor OR 1, L_0x1035f0b90, L_0xac8c5ce60, C4<0>, C4<0>;
L_0x1035f46e0 .functor OR 1, L_0xac8c5cf00, L_0xac8c5cfa0, C4<0>, C4<0>;
L_0x1035f47b0 .functor OR 1, L_0x1035f46e0, L_0xac8c5d040, C4<0>, C4<0>;
L_0xac9454640 .functor BUFT 1, C4<0010011>, C4<0>, C4<0>, C4<0>;
v0xac8c12080_0 .net/2u *"_ivl_100", 6 0, L_0xac9454640;  1 drivers
v0xac8c12120_0 .net *"_ivl_102", 0 0, L_0xac8c5cbe0;  1 drivers
L_0xac9454688 .functor BUFT 1, C4<000>, C4<0>, C4<0>, C4<0>;
v0xac8c121c0_0 .net/2u *"_ivl_104", 2 0, L_0xac9454688;  1 drivers
v0xac8c12260_0 .net *"_ivl_106", 0 0, L_0xac8c5cc80;  1 drivers
v0xac8c12300_0 .net *"_ivl_109", 0 0, L_0x1035f0a60;  1 drivers
v0xac8c123a0_0 .net *"_ivl_11", 11 0, L_0xac8c2f7a0;  1 drivers
L_0xac94546d0 .functor BUFT 1, C4<0000>, C4<0>, C4<0>, C4<0>;
v0xac8c12440_0 .net/2u *"_ivl_110", 3 0, L_0xac94546d0;  1 drivers
L_0xac9454718 .functor BUFT 1, C4<0000>, C4<0>, C4<0>, C4<0>;
v0xac8c124e0_0 .net/2u *"_ivl_112", 3 0, L_0xac9454718;  1 drivers
v0xac8c12580_0 .net *"_ivl_114", 3 0, L_0xac9090460;  1 drivers
v0xac8c12620_0 .net *"_ivl_116", 3 0, L_0xac9090500;  1 drivers
v0xac8c126c0_0 .net *"_ivl_118", 3 0, L_0xac90905a0;  1 drivers
v0xac8c12760_0 .net *"_ivl_120", 3 0, L_0xac9090640;  1 drivers
v0xac8c12800_0 .net *"_ivl_122", 3 0, L_0xac90906e0;  1 drivers
L_0xac9454760 .functor BUFT 1, C4<0110011>, C4<0>, C4<0>, C4<0>;
v0xac8c128a0_0 .net/2u *"_ivl_126", 6 0, L_0xac9454760;  1 drivers
v0xac8c12940_0 .net *"_ivl_128", 0 0, L_0xac8c5cd20;  1 drivers
L_0xac94547a8 .functor BUFT 1, C4<0010011>, C4<0>, C4<0>, C4<0>;
v0xac8c129e0_0 .net/2u *"_ivl_130", 6 0, L_0xac94547a8;  1 drivers
v0xac8c12a80_0 .net *"_ivl_132", 0 0, L_0xac8c5cdc0;  1 drivers
v0xac8c12b20_0 .net *"_ivl_135", 0 0, L_0x1035f0b90;  1 drivers
L_0xac94547f0 .functor BUFT 1, C4<0000011>, C4<0>, C4<0>, C4<0>;
v0xac8c12bc0_0 .net/2u *"_ivl_136", 6 0, L_0xac94547f0;  1 drivers
v0xac8c12c60_0 .net *"_ivl_138", 0 0, L_0xac8c5ce60;  1 drivers
L_0xac9454838 .functor BUFT 1, C4<0010011>, C4<0>, C4<0>, C4<0>;
v0xac8c12d00_0 .net/2u *"_ivl_142", 6 0, L_0xac9454838;  1 drivers
v0xac8c12da0_0 .net *"_ivl_144", 0 0, L_0xac8c5cf00;  1 drivers
L_0xac9454880 .functor BUFT 1, C4<0000011>, C4<0>, C4<0>, C4<0>;
v0xac8c12e40_0 .net/2u *"_ivl_146", 6 0, L_0xac9454880;  1 drivers
v0xac8c12ee0_0 .net *"_ivl_148", 0 0, L_0xac8c5cfa0;  1 drivers
v0xac8c12f80_0 .net *"_ivl_151", 0 0, L_0x1035f46e0;  1 drivers
L_0xac94548c8 .functor BUFT 1, C4<0100011>, C4<0>, C4<0>, C4<0>;
v0xac8c13020_0 .net/2u *"_ivl_152", 6 0, L_0xac94548c8;  1 drivers
v0xac8c130c0_0 .net *"_ivl_154", 0 0, L_0xac8c5d040;  1 drivers
L_0xac9454910 .functor BUFT 1, C4<0100011>, C4<0>, C4<0>, C4<0>;
v0xac8c13160_0 .net/2u *"_ivl_158", 6 0, L_0xac9454910;  1 drivers
L_0xac9454958 .functor BUFT 1, C4<0000011>, C4<0>, C4<0>, C4<0>;
v0xac8c13200_0 .net/2u *"_ivl_162", 6 0, L_0xac9454958;  1 drivers
L_0xac94549a0 .functor BUFT 1, C4<1100011>, C4<0>, C4<0>, C4<0>;
v0xac8c132a0_0 .net/2u *"_ivl_166", 6 0, L_0xac94549a0;  1 drivers
L_0xac94540e8 .functor BUFT 1, C4<0110011>, C4<0>, C4<0>, C4<0>;
v0xac8c13340_0 .net/2u *"_ivl_20", 6 0, L_0xac94540e8;  1 drivers
v0xac8c133e0_0 .net *"_ivl_22", 0 0, L_0xac8c5c460;  1 drivers
L_0xac9454130 .functor BUFT 1, C4<000>, C4<0>, C4<0>, C4<0>;
v0xac8c13480_0 .net/2u *"_ivl_24", 2 0, L_0xac9454130;  1 drivers
v0xac8c13520_0 .net *"_ivl_26", 0 0, L_0xac8c5c500;  1 drivers
v0xac8c135c0_0 .net *"_ivl_29", 0 0, L_0x1035fa9a0;  1 drivers
v0xac8c13660_0 .net *"_ivl_30", 31 0, L_0x1035f5630;  1 drivers
L_0xac9454178 .functor BUFT 1, C4<0000000000000000000000000000000>, C4<0>, C4<0>, C4<0>;
v0xac8c13700_0 .net *"_ivl_33", 30 0, L_0xac9454178;  1 drivers
L_0xac94541c0 .functor BUFT 1, C4<00000000000000000000000000000000>, C4<0>, C4<0>, C4<0>;
v0xac8c137a0_0 .net/2u *"_ivl_34", 31 0, L_0xac94541c0;  1 drivers
v0xac8c13840_0 .net *"_ivl_36", 0 0, L_0xac8c5c5a0;  1 drivers
v0xac8c138e0_0 .net *"_ivl_39", 0 0, L_0x1035fc180;  1 drivers
L_0xac9454208 .functor BUFT 1, C4<0000>, C4<0>, C4<0>, C4<0>;
v0xac8c13980_0 .net/2u *"_ivl_40", 3 0, L_0xac9454208;  1 drivers
L_0xac9454250 .functor BUFT 1, C4<0110011>, C4<0>, C4<0>, C4<0>;
v0xac8c13a20_0 .net/2u *"_ivl_42", 6 0, L_0xac9454250;  1 drivers
v0xac8c13ac0_0 .net *"_ivl_44", 0 0, L_0xac8c5c640;  1 drivers
L_0xac9454298 .functor BUFT 1, C4<000>, C4<0>, C4<0>, C4<0>;
v0xac8c13b60_0 .net/2u *"_ivl_46", 2 0, L_0xac9454298;  1 drivers
v0xac8c13c00_0 .net *"_ivl_48", 0 0, L_0xac8c5c6e0;  1 drivers
v0xac8c13ca0_0 .net *"_ivl_51", 0 0, L_0x1035f56d0;  1 drivers
v0xac8c13d40_0 .net *"_ivl_52", 31 0, L_0x1035f5740;  1 drivers
L_0xac94542e0 .functor BUFT 1, C4<0000000000000000000000000000000>, C4<0>, C4<0>, C4<0>;
v0xac8c13de0_0 .net *"_ivl_55", 30 0, L_0xac94542e0;  1 drivers
L_0xac9454328 .functor BUFT 1, C4<00000000000000000000000000000001>, C4<0>, C4<0>, C4<0>;
v0xac8c13e80_0 .net/2u *"_ivl_56", 31 0, L_0xac9454328;  1 drivers
v0xac8c13f20_0 .net *"_ivl_58", 0 0, L_0xac8c5c780;  1 drivers
v0xac8c54000_0 .net *"_ivl_61", 0 0, L_0x1035f5880;  1 drivers
L_0xac9454370 .functor BUFT 1, C4<0001>, C4<0>, C4<0>, C4<0>;
v0xac8c540a0_0 .net/2u *"_ivl_62", 3 0, L_0xac9454370;  1 drivers
L_0xac94543b8 .functor BUFT 1, C4<0110011>, C4<0>, C4<0>, C4<0>;
v0xac8c54140_0 .net/2u *"_ivl_64", 6 0, L_0xac94543b8;  1 drivers
v0xac8c541e0_0 .net *"_ivl_66", 0 0, L_0xac8c5c820;  1 drivers
L_0xac9454400 .functor BUFT 1, C4<111>, C4<0>, C4<0>, C4<0>;
v0xac8c54280_0 .net/2u *"_ivl_68", 2 0, L_0xac9454400;  1 drivers
v0xac8c54320_0 .net *"_ivl_7", 0 0, L_0xac8c2f700;  1 drivers
v0xac8c543c0_0 .net *"_ivl_70", 0 0, L_0xac8c5c8c0;  1 drivers
v0xac8c54460_0 .net *"_ivl_73", 0 0, L_0x1035f08f0;  1 drivers
L_0xac9454448 .functor BUFT 1, C4<0010>, C4<0>, C4<0>, C4<0>;
v0xac8c54500_0 .net/2u *"_ivl_74", 3 0, L_0xac9454448;  1 drivers
L_0xac9454490 .functor BUFT 1, C4<0110011>, C4<0>, C4<0>, C4<0>;
v0xac8c545a0_0 .net/2u *"_ivl_76", 6 0, L_0xac9454490;  1 drivers
v0xac8c54640_0 .net *"_ivl_78", 0 0, L_0xac8c5c960;  1 drivers
L_0xac94544d8 .functor BUFT 1, C4<110>, C4<0>, C4<0>, C4<0>;
v0xac8c546e0_0 .net/2u *"_ivl_80", 2 0, L_0xac94544d8;  1 drivers
v0xac8c54780_0 .net *"_ivl_82", 0 0, L_0xac8c5ca00;  1 drivers
v0xac8c54820_0 .net *"_ivl_85", 0 0, L_0x1035f57e0;  1 drivers
L_0xac9454520 .functor BUFT 1, C4<0011>, C4<0>, C4<0>, C4<0>;
v0xac8c548c0_0 .net/2u *"_ivl_86", 3 0, L_0xac9454520;  1 drivers
L_0xac9454568 .functor BUFT 1, C4<0110011>, C4<0>, C4<0>, C4<0>;
v0xac8c54960_0 .net/2u *"_ivl_88", 6 0, L_0xac9454568;  1 drivers
v0xac8c54a00_0 .net *"_ivl_9", 19 0, L_0xac90903c0;  1 drivers
v0xac8c54aa0_0 .net *"_ivl_90", 0 0, L_0xac8c5caa0;  1 drivers
L_0xac94545b0 .functor BUFT 1, C4<100>, C4<0>, C4<0>, C4<0>;
v0xac8c54b40_0 .net/2u *"_ivl_92", 2 0, L_0xac94545b0;  1 drivers
v0xac8c54be0_0 .net *"_ivl_94", 0 0, L_0xac8c5cb40;  1 drivers
v0xac8c54c80_0 .net *"_ivl_97", 0 0, L_0x1035f0b20;  1 drivers
L_0xac94545f8 .functor BUFT 1, C4<0100>, C4<0>, C4<0>, C4<0>;
v0xac8c54d20_0 .net/2u *"_ivl_98", 3 0, L_0xac94545f8;  1 drivers
v0xac8c54dc0_0 .net "alu_ctrl", 3 0, L_0xac9090780;  alias, 1 drivers
v0xac8c54e60_0 .net "alu_src", 0 0, L_0x1035f47b0;  alias, 1 drivers
v0xac8c54f00_0 .net "branch", 0 0, L_0xac8c5d220;  alias, 1 drivers
v0xac8c54fa0_0 .net "funct3", 2 0, L_0xac8c2f8e0;  1 drivers
v0xac8c55040_0 .net "funct7_5", 0 0, L_0xac8c2f980;  1 drivers
v0xac8c550e0_0 .net "imm", 31 0, L_0x1035f5590;  alias, 1 drivers
v0xac8c55180_0 .net "instr", 31 0, L_0x1035fec70;  alias, 1 drivers
v0xac8c55220_0 .net "mem_to_reg", 0 0, L_0xac8c5d180;  alias, 1 drivers
v0xac8c552c0_0 .net "mem_write", 0 0, L_0xac8c5d0e0;  alias, 1 drivers
v0xac8c55360_0 .net "opcode", 6 0, L_0xac8c2f840;  1 drivers
v0xac8c55400_0 .net "rd", 4 0, L_0xac8c2f520;  alias, 1 drivers
v0xac8c554a0_0 .net "reg_write", 0 0, L_0x1035f4670;  alias, 1 drivers
v0xac8c55540_0 .net "rs1", 4 0, L_0xac8c2f5c0;  alias, 1 drivers
v0xac8c555e0_0 .net "rs2", 4 0, L_0xac8c2f660;  alias, 1 drivers
L_0xac8c2f520 .part L_0x1035fec70, 7, 5;
L_0xac8c2f5c0 .part L_0x1035fec70, 15, 5;
L_0xac8c2f660 .part L_0x1035fec70, 20, 5;
L_0xac8c2f700 .part L_0x1035fec70, 31, 1;
L_0xac90903c0 .repeat 20, 20, L_0xac8c2f700;
L_0xac8c2f7a0 .part L_0x1035fec70, 20, 12;
L_0x1035f5590 .concat [ 12 20 0 0], L_0xac8c2f7a0, L_0xac90903c0;
L_0xac8c2f840 .part L_0x1035fec70, 0, 7;
L_0xac8c2f8e0 .part L_0x1035fec70, 12, 3;
L_0xac8c2f980 .part L_0x1035fec70, 30, 1;
L_0xac8c5c460 .cmp/eq 7, L_0xac8c2f840, L_0xac94540e8;
L_0xac8c5c500 .cmp/eq 3, L_0xac8c2f8e0, L_0xac9454130;
L_0x1035f5630 .concat [ 1 31 0 0], L_0xac8c2f980, L_0xac9454178;
L_0xac8c5c5a0 .cmp/eq 32, L_0x1035f5630, L_0xac94541c0;
L_0xac8c5c640 .cmp/eq 7, L_0xac8c2f840, L_0xac9454250;
L_0xac8c5c6e0 .cmp/eq 3, L_0xac8c2f8e0, L_0xac9454298;
L_0x1035f5740 .concat [ 1 31 0 0], L_0xac8c2f980, L_0xac94542e0;
L_0xac8c5c780 .cmp/eq 32, L_0x1035f5740, L_0xac9454328;
L_0xac8c5c820 .cmp/eq 7, L_0xac8c2f840, L_0xac94543b8;
L_0xac8c5c8c0 .cmp/eq 3, L_0xac8c2f8e0, L_0xac9454400;
L_0xac8c5c960 .cmp/eq 7, L_0xac8c2f840, L_0xac9454490;
L_0xac8c5ca00 .cmp/eq 3, L_0xac8c2f8e0, L_0xac94544d8;
L_0xac8c5caa0 .cmp/eq 7, L_0xac8c2f840, L_0xac9454568;
L_0xac8c5cb40 .cmp/eq 3, L_0xac8c2f8e0, L_0xac94545b0;
L_0xac8c5cbe0 .cmp/eq 7, L_0xac8c2f840, L_0xac9454640;
L_0xac8c5cc80 .cmp/eq 3, L_0xac8c2f8e0, L_0xac9454688;
L_0xac9090460 .functor MUXZ 4, L_0xac9454718, L_0xac94546d0, L_0x1035f0a60, C4<>;
L_0xac9090500 .functor MUXZ 4, L_0xac9090460, L_0xac94545f8, L_0x1035f0b20, C4<>;
L_0xac90905a0 .functor MUXZ 4, L_0xac9090500, L_0xac9454520, L_0x1035f57e0, C4<>;
L_0xac9090640 .functor MUXZ 4, L_0xac90905a0, L_0xac9454448, L_0x1035f08f0, C4<>;
L_0xac90906e0 .functor MUXZ 4, L_0xac9090640, L_0xac9454370, L_0x1035f5880, C4<>;
L_0xac9090780 .functor MUXZ 4, L_0xac90906e0, L_0xac9454208, L_0x1035fc180, C4<>;
L_0xac8c5cd20 .cmp/eq 7, L_0xac8c2f840, L_0xac9454760;
L_0xac8c5cdc0 .cmp/eq 7, L_0xac8c2f840, L_0xac94547a8;
L_0xac8c5ce60 .cmp/eq 7, L_0xac8c2f840, L_0xac94547f0;
L_0xac8c5cf00 .cmp/eq 7, L_0xac8c2f840, L_0xac9454838;
L_0xac8c5cfa0 .cmp/eq 7, L_0xac8c2f840, L_0xac9454880;
L_0xac8c5d040 .cmp/eq 7, L_0xac8c2f840, L_0xac94548c8;
L_0xac8c5d0e0 .cmp/eq 7, L_0xac8c2f840, L_0xac9454910;
L_0xac8c5d180 .cmp/eq 7, L_0xac8c2f840, L_0xac9454958;
L_0xac8c5d220 .cmp/eq 7, L_0xac8c2f840, L_0xac94549a0;
S_0x1035f3b20 .scope module, "dmem_inst" "dmem" 3 85, 6 1 0, S_0x1035f5f60;
 .timescale 0 0;
    .port_info 0 /INPUT 1 "clk";
    .port_info 1 /INPUT 1 "we";
    .port_info 2 /INPUT 32 "addr";
    .port_info 3 /INPUT 32 "wr_data";
    .port_info 4 /OUTPUT 32 "rd_data";
L_0xac8c60000 .functor BUFZ 32, L_0xac90980a0, C4<00000000000000000000000000000000>, C4<00000000000000000000000000000000>, C4<00000000000000000000000000000000>;
v0xac8c55680_0 .net *"_ivl_0", 31 0, L_0xac90980a0;  1 drivers
v0xac8c55720_0 .net *"_ivl_3", 7 0, L_0xac8c2fa20;  1 drivers
v0xac8c557c0_0 .net *"_ivl_4", 9 0, L_0xac9098140;  1 drivers
L_0xac9454be0 .functor BUFT 1, C4<00>, C4<0>, C4<0>, C4<0>;
v0xac8c55860_0 .net *"_ivl_7", 1 0, L_0xac9454be0;  1 drivers
v0xac8c55900_0 .net "addr", 31 0, v0xac8c11f40_0;  alias, 1 drivers
v0xac8c559a0_0 .net "clk", 0 0, v0xac8c5c320_0;  alias, 1 drivers
v0xac8c55a40 .array "mem", 255 0, 31 0;
v0xac8c55ae0_0 .net "rd_data", 31 0, L_0xac8c60000;  alias, 1 drivers
v0xac8c55b80_0 .net "we", 0 0, L_0xac8c5d0e0;  alias, 1 drivers
v0xac8c55c20_0 .net "wr_data", 31 0, L_0xac90908c0;  alias, 1 drivers
E_0xac9004bc0 .event posedge, v0xac8c559a0_0;
L_0xac90980a0 .array/port v0xac8c55a40, L_0xac9098140;
L_0xac8c2fa20 .part v0xac8c11f40_0, 2, 8;
L_0xac9098140 .concat [ 8 2 0 0], L_0xac8c2fa20, L_0xac9454be0;
S_0x1035ebfe0 .scope module, "imem_inst" "imem" 3 51, 7 1 0, S_0x1035f5f60;
 .timescale 0 0;
    .port_info 0 /INPUT 32 "addr";
    .port_info 1 /OUTPUT 32 "instr";
L_0x1035fec70 .functor BUFZ 32, L_0x1035febd0, C4<00000000000000000000000000000000>, C4<00000000000000000000000000000000>, C4<00000000000000000000000000000000>;
v0xac8c55cc0_0 .net *"_ivl_0", 31 0, L_0x1035febd0;  1 drivers
v0xac8c55d60_0 .net *"_ivl_3", 3 0, L_0xac8c2f480;  1 drivers
v0xac8c55e00_0 .net *"_ivl_4", 5 0, L_0x1035ee860;  1 drivers
L_0xac94540a0 .functor BUFT 1, C4<00>, C4<0>, C4<0>, C4<0>;
v0xac8c55ea0_0 .net *"_ivl_7", 1 0, L_0xac94540a0;  1 drivers
v0xac8c55f40_0 .net "addr", 31 0, v0xac8c561c0_0;  alias, 1 drivers
v0xac8c55fe0_0 .net "instr", 31 0, L_0x1035fec70;  alias, 1 drivers
v0xac8c56080 .array "mem", 15 0, 31 0;
L_0x1035febd0 .array/port v0xac8c56080, L_0x1035ee860;
L_0xac8c2f480 .part v0xac8c561c0_0, 2, 4;
L_0x1035ee860 .concat [ 4 2 0 0], L_0xac8c2f480, L_0xac94540a0;
S_0x1035ec160 .scope module, "pc_inst" "pc" 3 43, 8 1 0, S_0x1035f5f60;
 .timescale 0 0;
    .port_info 0 /INPUT 1 "clk";
    .port_info 1 /INPUT 1 "reset";
    .port_info 2 /INPUT 32 "pc_next";
    .port_info 3 /OUTPUT 32 "pc";
v0xac8c56120_0 .net "clk", 0 0, v0xac8c5c320_0;  alias, 1 drivers
v0xac8c561c0_0 .var "pc", 31 0;
v0xac8c56260_0 .net "pc_next", 31 0, L_0xac90901e0;  alias, 1 drivers
v0xac8c56300_0 .net "reset", 0 0, v0xac8c5c3c0_0;  alias, 1 drivers
S_0x1035ee6e0 .scope module, "rf_inst" "register_file" 3 67, 9 1 0, S_0x1035f5f60;
 .timescale 0 0;
    .port_info 0 /INPUT 1 "clk";
    .port_info 1 /INPUT 1 "we";
    .port_info 2 /INPUT 5 "rd_addr1";
    .port_info 3 /INPUT 5 "rd_addr2";
    .port_info 4 /INPUT 5 "wr_addr";
    .port_info 5 /INPUT 32 "wr_data";
    .port_info 6 /OUTPUT 32 "rd_data1";
    .port_info 7 /OUTPUT 32 "rd_data2";
L_0xac94549e8 .functor BUFT 1, C4<00000>, C4<0>, C4<0>, C4<0>;
v0xac8c563a0_0 .net/2u *"_ivl_0", 4 0, L_0xac94549e8;  1 drivers
L_0xac9454a78 .functor BUFT 1, C4<00>, C4<0>, C4<0>, C4<0>;
v0xac8c56440_0 .net *"_ivl_11", 1 0, L_0xac9454a78;  1 drivers
L_0xac9454ac0 .functor BUFT 1, C4<00000>, C4<0>, C4<0>, C4<0>;
v0xac8c564e0_0 .net/2u *"_ivl_14", 4 0, L_0xac9454ac0;  1 drivers
v0xac8c56580_0 .net *"_ivl_16", 0 0, L_0xac8c5d360;  1 drivers
L_0xac9454b08 .functor BUFT 1, C4<00000000000000000000000000000000>, C4<0>, C4<0>, C4<0>;
v0xac8c56620_0 .net/2u *"_ivl_18", 31 0, L_0xac9454b08;  1 drivers
v0xac8c566c0_0 .net *"_ivl_2", 0 0, L_0xac8c5d2c0;  1 drivers
v0xac8c56760_0 .net *"_ivl_20", 31 0, L_0x1035ffe70;  1 drivers
v0xac8c56800_0 .net *"_ivl_22", 6 0, L_0xac9098000;  1 drivers
L_0xac9454b50 .functor BUFT 1, C4<00>, C4<0>, C4<0>, C4<0>;
v0xac8c568a0_0 .net *"_ivl_25", 1 0, L_0xac9454b50;  1 drivers
L_0xac9454a30 .functor BUFT 1, C4<00000000000000000000000000000000>, C4<0>, C4<0>, C4<0>;
v0xac8c56940_0 .net/2u *"_ivl_4", 31 0, L_0xac9454a30;  1 drivers
v0xac8c569e0_0 .net *"_ivl_6", 31 0, L_0x1035f4570;  1 drivers
v0xac8c56a80_0 .net *"_ivl_8", 6 0, L_0x1035f0960;  1 drivers
v0xac8c56b20_0 .net "clk", 0 0, v0xac8c5c320_0;  alias, 1 drivers
v0xac8c56bc0_0 .net "rd_addr1", 4 0, L_0xac8c2f5c0;  alias, 1 drivers
v0xac8c56c60_0 .net "rd_addr2", 4 0, L_0xac8c2f660;  alias, 1 drivers
v0xac8c56d00_0 .net "rd_data1", 31 0, L_0xac9090820;  alias, 1 drivers
v0xac8c56da0_0 .net "rd_data2", 31 0, L_0xac90908c0;  alias, 1 drivers
v0xac8c56e40 .array "registers", 0 31, 31 0;
v0xac8c56ee0_0 .net "we", 0 0, L_0x1035f4670;  alias, 1 drivers
v0xac8c56f80_0 .net "wr_addr", 4 0, L_0xac8c2f520;  alias, 1 drivers
v0xac8c57020_0 .net "wr_data", 31 0, L_0xac9090280;  alias, 1 drivers
L_0xac8c5d2c0 .cmp/eq 5, L_0xac8c2f5c0, L_0xac94549e8;
L_0x1035f4570 .array/port v0xac8c56e40, L_0x1035f0960;
L_0x1035f0960 .concat [ 5 2 0 0], L_0xac8c2f5c0, L_0xac9454a78;
L_0xac9090820 .functor MUXZ 32, L_0x1035f4570, L_0xac9454a30, L_0xac8c5d2c0, C4<>;
L_0xac8c5d360 .cmp/eq 5, L_0xac8c2f660, L_0xac9454ac0;
L_0x1035ffe70 .array/port v0xac8c56e40, L_0xac9098000;
L_0xac9098000 .concat [ 5 2 0 0], L_0xac8c2f660, L_0xac9454b50;
L_0xac90908c0 .functor MUXZ 32, L_0x1035ffe70, L_0xac9454b08, L_0xac8c5d360, C4<>;
    .scope S_0x1035ec160;
T_0 ;
    %wait E_0xac9004bc0;
    %load/vec4 v0xac8c56300_0;
    %flag_set/vec4 8;
    %jmp/0xz  T_0.0, 8;
    %pushi/vec4 0, 0, 32;
    %assign/vec4 v0xac8c561c0_0, 0;
    %jmp T_0.1;
T_0.0 ;
    %load/vec4 v0xac8c56260_0;
    %assign/vec4 v0xac8c561c0_0, 0;
T_0.1 ;
    %jmp T_0;
    .thread T_0;
    .scope S_0x1035ebfe0;
T_1 ;
    %pushi/vec4 10485907, 0, 32;
    %ix/load 4, 0, 0;
    %flag_set/imm 4, 0;
    %store/vec4a v0xac8c56080, 4, 0;
    %pushi/vec4 20971795, 0, 32;
    %ix/load 4, 1, 0;
    %flag_set/imm 4, 0;
    %store/vec4a v0xac8c56080, 4, 0;
    %pushi/vec4 2130355, 0, 32;
    %ix/load 4, 2, 0;
    %flag_set/imm 4, 0;
    %store/vec4a v0xac8c56080, 4, 0;
    %pushi/vec4 3153955, 0, 32;
    %ix/load 4, 3, 0;
    %flag_set/imm 4, 0;
    %store/vec4a v0xac8c56080, 4, 0;
    %pushi/vec4 8707, 0, 32;
    %ix/load 4, 4, 0;
    %flag_set/imm 4, 0;
    %store/vec4a v0xac8c56080, 4, 0;
    %pushi/vec4 0, 0, 32;
    %ix/load 4, 5, 0;
    %flag_set/imm 4, 0;
    %store/vec4a v0xac8c56080, 4, 0;
    %end;
    .thread T_1;
    .scope S_0x1035ee6e0;
T_2 ;
    %wait E_0xac9004bc0;
    %load/vec4 v0xac8c56ee0_0;
    %flag_set/vec4 8;
    %jmp/0xz  T_2.0, 8;
    %load/vec4 v0xac8c57020_0;
    %load/vec4 v0xac8c56f80_0;
    %pad/u 7;
    %ix/vec4 3;
    %ix/load 4, 0, 0; Constant delay
    %assign/vec4/a/d v0xac8c56e40, 0, 4;
T_2.0 ;
    %jmp T_2;
    .thread T_2;
    .scope S_0x1035f6bb0;
T_3 ;
    %wait E_0xac9004b80;
    %load/vec4 v0xac8c11e00_0;
    %dup/vec4;
    %pushi/vec4 0, 0, 4;
    %cmp/u;
    %jmp/1 T_3.0, 6;
    %dup/vec4;
    %pushi/vec4 1, 0, 4;
    %cmp/u;
    %jmp/1 T_3.1, 6;
    %dup/vec4;
    %pushi/vec4 2, 0, 4;
    %cmp/u;
    %jmp/1 T_3.2, 6;
    %dup/vec4;
    %pushi/vec4 3, 0, 4;
    %cmp/u;
    %jmp/1 T_3.3, 6;
    %dup/vec4;
    %pushi/vec4 4, 0, 4;
    %cmp/u;
    %jmp/1 T_3.4, 6;
    %dup/vec4;
    %pushi/vec4 5, 0, 4;
    %cmp/u;
    %jmp/1 T_3.5, 6;
    %pushi/vec4 0, 0, 32;
    %assign/vec4 v0xac8c11f40_0, 0;
    %jmp T_3.7;
T_3.0 ;
    %load/vec4 v0xac8c11d60_0;
    %load/vec4 v0xac8c11ea0_0;
    %add;
    %assign/vec4 v0xac8c11f40_0, 0;
    %jmp T_3.7;
T_3.1 ;
    %load/vec4 v0xac8c11d60_0;
    %load/vec4 v0xac8c11ea0_0;
    %sub;
    %assign/vec4 v0xac8c11f40_0, 0;
    %jmp T_3.7;
T_3.2 ;
    %load/vec4 v0xac8c11d60_0;
    %load/vec4 v0xac8c11ea0_0;
    %and;
    %assign/vec4 v0xac8c11f40_0, 0;
    %jmp T_3.7;
T_3.3 ;
    %load/vec4 v0xac8c11d60_0;
    %load/vec4 v0xac8c11ea0_0;
    %or;
    %assign/vec4 v0xac8c11f40_0, 0;
    %jmp T_3.7;
T_3.4 ;
    %load/vec4 v0xac8c11d60_0;
    %load/vec4 v0xac8c11ea0_0;
    %xor;
    %assign/vec4 v0xac8c11f40_0, 0;
    %jmp T_3.7;
T_3.5 ;
    %load/vec4 v0xac8c11d60_0;
    %load/vec4 v0xac8c11ea0_0;
    %cmp/u;
    %flag_mov 8, 5;
    %jmp/0 T_3.8, 8;
    %pushi/vec4 1, 0, 32;
    %jmp/1 T_3.9, 8;
T_3.8 ; End of true expr.
    %pushi/vec4 0, 0, 32;
    %jmp/0 T_3.9, 8;
 ; End of false expr.
    %blend;
T_3.9;
    %assign/vec4 v0xac8c11f40_0, 0;
    %jmp T_3.7;
T_3.7 ;
    %pop/vec4 1;
    %jmp T_3;
    .thread T_3, $push;
    .scope S_0x1035f3b20;
T_4 ;
    %wait E_0xac9004bc0;
    %load/vec4 v0xac8c55b80_0;
    %flag_set/vec4 8;
    %jmp/0xz  T_4.0, 8;
    %load/vec4 v0xac8c55c20_0;
    %load/vec4 v0xac8c55900_0;
    %parti/s 8, 2, 3;
    %pad/u 10;
    %ix/vec4 3;
    %ix/load 4, 0, 0; Constant delay
    %assign/vec4/a/d v0xac8c55a40, 0, 4;
T_4.0 ;
    %jmp T_4;
    .thread T_4;
    .scope S_0x1035f5de0;
T_5 ;
    %pushi/vec4 0, 0, 1;
    %store/vec4 v0xac8c5c320_0, 0, 1;
    %end;
    .thread T_5;
    .scope S_0x1035f5de0;
T_6 ;
    %delay 5, 0;
    %load/vec4 v0xac8c5c320_0;
    %inv;
    %store/vec4 v0xac8c5c320_0, 0, 1;
    %jmp T_6;
    .thread T_6;
    .scope S_0x1035f5de0;
T_7 ;
    %vpi_call 2 12 "$dumpfile", "tb/tb_top.vcd" {0 0 0};
    %vpi_call 2 13 "$dumpvars", 32'sb00000000000000000000000000000000, S_0x1035f5de0 {0 0 0};
    %pushi/vec4 1, 0, 1;
    %store/vec4 v0xac8c5c3c0_0, 0, 1;
    %delay 10, 0;
    %pushi/vec4 0, 0, 1;
    %store/vec4 v0xac8c5c3c0_0, 0, 1;
    %delay 300, 0;
    %vpi_call 2 18 "$display", "x1 = %0d (expect 10)", &A<v0xac8c56e40, 1> {0 0 0};
    %vpi_call 2 19 "$display", "x2 = %0d (expect 20)", &A<v0xac8c56e40, 2> {0 0 0};
    %vpi_call 2 20 "$display", "x3 = %0d (expect 30)", &A<v0xac8c56e40, 3> {0 0 0};
    %vpi_call 2 21 "$display", "x4 = %0d (expect 30)", &A<v0xac8c56e40, 4> {0 0 0};
    %vpi_call 2 22 "$finish" {0 0 0};
    %end;
    .thread T_7;
# The file index is used to find the file name in the following table.
:file_names 10;
    "N/A";
    "<interactive>";
    "tb/tb_top.v";
    "src/top.v";
    "src/alu.v";
    "src/decoder.v";
    "src/dmem.v";
    "src/imem.v";
    "src/pc.v";
    "src/register.v";
